<?xml version="1.0" encoding="UTF-8"?>
<testsuite xmlns:xsi="http://www.w3.org/2001/XMLSchema-instance" xsi:noNamespaceSchemaLocation="https://maven.apache.org/surefire/maven-surefire-plugin/xsd/surefire-test-report-3.0.xsd" version="3.0" name="com.springboot.test.TestApplicationTests" time="2.463" tests="1" errors="0" skipped="0" failures="0">
  <properties>
[...]
</properties>
  <testcase name="contextLoads" classname="com.springboot.test.TestApplicationTests" time="0.837">
    <system-out><![CDATA[00:20:59.986 [main] INFO org.springframework.test.context.support.AnnotationConfigContextLoaderUtils -- Could not detect default configuration classes for test class [com.springboot.test.TestApplicationTests]: TestApplicationTests does not declare any static, non-private, non-final, nested classes annotated with @Configuration.
00:21:00.083 [main] INFO org.springframework.boot.test.context.SpringBootTestContextBootstrapper -- Found @SpringBootConfiguration com.springboot.test.TestApplication for test class com.springboot.test.TestApplicationTests

  .   ____          _            __ _ _
 /\\ / ___'_ __ _ _(_)_ __  __ _ \ \ \ \
( ( )\___ | '_ | '_| | '_ \/ _` | \ \ \ \
 \\/  ___)| |_)| | | | | || (_| |  ) ) ) )
  '  |____| .__|_| |_|_| |_\__, | / / / /
 =========|_|==============|___/=/_/_/_/
 :: Spring Boot ::                (v3.1.1)

2023-07-18T00:21:00.446+01:00  INFO 46823 --- [           main] c.springboot.test.TestApplicationTests   : Starting TestApplicationTests using Java 20.0.1 with PID 46823 (started by ajay in /Users/ajay/Repos/JAVA/test/SpringBootTest)
2023-07-18T00:21:00.448+01:00  INFO 46823 --- [           main] c.springboot.test.TestApplicationTests   : No active profile set, falling back to 1 default profile: "default"
2023-07-18T00:21:01.404+01:00  INFO 46823 --- [           main] c.springboot.test.TestApplicationTests   : Started TestApplicationTests in 1.198 seconds (process running for 2.137)
]]></system-out>
  </testcase>
</testsuite>